yarn run v1.22.22
$ storybook build --output-dir=/var/folders/sv/qf7wnpqx6gg6c3zlwb71m7fc0000gn/T/chromatic--93382-uSmno97zKteP
[1m@storybook/core v8.6.14
[22m
info => Cleaning outputDir: [36m../../../../var/folders/sv/qf7wnpqx6gg6c3zlwb71m7fc0000gn/T/chromatic--93382-uSmno97zKteP[39m
info => Loading presets
info => Building manager..
info => Manager built ([38;2;181;126;229m151 ms[39m)
info => Building preview..
WARN No story files found for the specified pattern: [34msrc/**/*.mdx[39m
info Addon-docs: using MDX3
info => Using implicit CSS loaders
info => Using SWC as compiler
info => Using default Webpack5 setup
info Using tsconfig paths for react-docgen
WARN asset size limit: The following asset(s) exceed the recommended size limit (244 KiB).
WARN This can impact web performance.
WARN Assets: 
WARN   735.19600c8b.iframe.bundle.js (361 KiB)
WARN   609.94e4ccae.iframe.bundle.js (828 KiB)
WARN   865.fc3c4563.iframe.bundle.js (1.88 MiB)
WARN   878.97325315.iframe.bundle.js (987 KiB)
WARN entrypoint size limit: The following entrypoint(s) combined asset size exceeds the recommended limit (244 KiB). This can impact web performance.
WARN Entrypoints:
WARN   main (1.97 MiB)
WARN       runtime~main.c53b884e.iframe.bundle.js
WARN       865.fc3c4563.iframe.bundle.js
WARN       main.dca44ce1.iframe.bundle.js
WARN 
info => Preview built ([38;2;181;126;229m9.75 s[39m)
info => Output directory: /var/folders/sv/qf7wnpqx6gg6c3zlwb71m7fc0000gn/T/chromatic--93382-uSmno97zKteP
Done in 12.87s.
